<?xml version="1.0" encoding="UTF-8"?>
<!-- Generated by org.testng.reporters.JUnitReportReporter -->
<testsuite hostname="HAQUE2531" failures="0" tests="1" name="Pack1.ContactTest" time="0.013" errors="0" timestamp="2025-07-14T17:00:55 IST" skipped="0">
  <testcase classname="Pack1.ContactTest" name="updateContactTest2" time="0.013"/>
</testsuite> <!-- Pack1.ContactTest -->
